2017-10-15 [12:13:47] [Server thread/INFO]: Loading pocketmine.yml...
2017-10-15 [12:13:47] [Server thread/INFO]: Loading server properties...
2017-10-15 [12:13:47] [Server thread/INFO]: Selected English (eng) as the base language
2017-10-15 [12:13:47] [Server thread/INFO]: Starting Minecraft: PE server version v1.2.0.81
2017-10-15 [12:13:47] [Server thread/INFO]: Starting remote control listener
2017-10-15 [12:13:47] [Server thread/INFO]: RCON running on 0.0.0.0:19132
2017-10-15 [12:13:47] [Server thread/NOTICE]: Online mode is enabled. The server will verify that players are authenticated to Xbox Live.
2017-10-15 [12:13:47] [Server thread/NOTICE]: To disable authentication, set "online-mode" to "false" in server.properties.
2017-10-15 [12:13:47] [Server thread/INFO]: Opening server on 0.0.0.0:19132
2017-10-15 [12:13:47] [Server thread/INFO]: This server is running PocketMine-MP version 1.7dev-83 "[REDACTED]" (API 3.0.0-ALPHA8)
2017-10-15 [12:13:47] [Server thread/INFO]: PocketMine-MP is distributed under the LGPL License
2017-10-15 [12:13:47] [Server thread/INFO]: Loading recipes...
2017-10-15 [12:13:47] [Server thread/INFO]: Loading resource packs...
2017-10-15 [12:13:47] [Server thread/NOTICE]: Level "world" not found
2017-10-15 [12:13:47] [Server thread/INFO]: Preparing level "world"
2017-10-15 [12:13:47] [Server thread/NOTICE]: Spawn terrain for level "world" is being generated in the background
2017-10-15 [12:13:47] [Server thread/INFO]: Starting GS4 status listener
2017-10-15 [12:13:47] [Server thread/INFO]: Setting query port to 19132
2017-10-15 [12:13:47] [Server thread/INFO]: Query running on 0.0.0.0:19132
2017-10-15 [12:13:47] [Server thread/INFO]: Default game type: Survival Mode
2017-10-15 [12:13:47] [Server thread/INFO]: Done (66.457s)! For help, type "help" or "?"
2017-10-15 [12:13:55] [Server thread/INFO]: [CONSOLE: Stopping the server]
2017-10-15 [12:13:55] [Server thread/INFO]: Unloading level "world"
2017-10-15 [12:14:00] [Server thread/INFO]: Stopping other threads
